****Executing TC01_UIElementsValidation****
Vefiying InputBox....
Verifying CalculateButton....
Veifying About Link....
Vefiying Terms and Conditions Link....
Vefiying Terms and Conditions Link....
***Vefiying the Factorial Value of an input no***
**** Finished TC01_UIElementsValidation****
****Executing TC02_URLTitlePlaceHolder****
Checking PlaceHolder of an Inputbox....
Checking Application Title contains Factorial....
Checking Application URL contains https....
Application URL is: https://qainterview.pythonanywhere.com/
****Finished TC02_URLTitlePlaceHolder****
****Executing TC03_AboutLink****
****Finished TC03_AboutLink****
Parsing relationship: /xl/_rels/workbook.xml.rels
Parsing relationship: /_rels/.rels
Parsing relationship: /xl/_rels/workbook.xml.rels
Parsing relationship: /_rels/.rels
Save content types part
Save package relationships
Save part 'docProps/app.xml'
Save part 'docProps/core.xml'
Save part 'xl/sharedStrings.xml'
Save part 'xl/styles.xml'
Save part 'xl/theme/theme1.xml'
Save part 'xl/workbook.xml'
Save part 'xl/worksheets/sheet1.xml'
Save part 'xl/worksheets/sheet2.xml'
Parsing relationship: /xl/_rels/workbook.xml.rels
Parsing relationship: /_rels/.rels
Save content types part
Save package relationships
Save part 'docProps/app.xml'
Save part 'docProps/core.xml'
Save part 'xl/sharedStrings.xml'
Save part 'xl/styles.xml'
Save part 'xl/theme/theme1.xml'
Save part 'xl/workbook.xml'
Save part 'xl/worksheets/sheet1.xml'
Save part 'xl/worksheets/sheet2.xml'
Parsing relationship: /xl/_rels/workbook.xml.rels
Parsing relationship: /_rels/.rels
Save content types part
Save package relationships
Save part 'docProps/app.xml'
Save part 'docProps/core.xml'
Save part 'xl/sharedStrings.xml'
Save part 'xl/styles.xml'
Save part 'xl/theme/theme1.xml'
Save part 'xl/workbook.xml'
Save part 'xl/worksheets/sheet1.xml'
Save part 'xl/worksheets/sheet2.xml'
Parsing relationship: /xl/_rels/workbook.xml.rels
Parsing relationship: /_rels/.rels
Save content types part
Save package relationships
Save part 'docProps/app.xml'
Save part 'docProps/core.xml'
Save part 'xl/sharedStrings.xml'
Save part 'xl/styles.xml'
Save part 'xl/theme/theme1.xml'
Save part 'xl/workbook.xml'
Save part 'xl/worksheets/sheet1.xml'
Save part 'xl/worksheets/sheet2.xml'
Parsing relationship: /xl/_rels/workbook.xml.rels
Parsing relationship: /_rels/.rels
Save content types part
Save package relationships
Save part 'docProps/app.xml'
Save part 'docProps/core.xml'
Save part 'xl/sharedStrings.xml'
Save part 'xl/styles.xml'
Save part 'xl/theme/theme1.xml'
Save part 'xl/workbook.xml'
Save part 'xl/worksheets/sheet1.xml'
Save part 'xl/worksheets/sheet2.xml'
Parsing relationship: /xl/_rels/workbook.xml.rels
Parsing relationship: /_rels/.rels
Save content types part
Save package relationships
Save part 'docProps/app.xml'
Save part 'docProps/core.xml'
Save part 'xl/sharedStrings.xml'
Save part 'xl/styles.xml'
Save part 'xl/theme/theme1.xml'
Save part 'xl/workbook.xml'
Save part 'xl/worksheets/sheet1.xml'
Save part 'xl/worksheets/sheet2.xml'
Parsing relationship: /xl/_rels/workbook.xml.rels
Parsing relationship: /_rels/.rels
Save content types part
Save package relationships
Save part 'docProps/app.xml'
Save part 'docProps/core.xml'
Save part 'xl/sharedStrings.xml'
Save part 'xl/styles.xml'
Save part 'xl/theme/theme1.xml'
Save part 'xl/workbook.xml'
Save part 'xl/worksheets/sheet1.xml'
Save part 'xl/worksheets/sheet2.xml'
Parsing relationship: /xl/_rels/workbook.xml.rels
Parsing relationship: /_rels/.rels
Save content types part
Save package relationships
Save part 'docProps/app.xml'
Save part 'docProps/core.xml'
Save part 'xl/sharedStrings.xml'
Save part 'xl/styles.xml'
Save part 'xl/theme/theme1.xml'
Save part 'xl/workbook.xml'
Save part 'xl/worksheets/sheet1.xml'
Save part 'xl/worksheets/sheet2.xml'
Parsing relationship: /xl/_rels/workbook.xml.rels
Parsing relationship: /_rels/.rels
Save content types part
Save package relationships
Save part 'docProps/app.xml'
Save part 'docProps/core.xml'
Save part 'xl/sharedStrings.xml'
Save part 'xl/styles.xml'
Save part 'xl/theme/theme1.xml'
Save part 'xl/workbook.xml'
Save part 'xl/worksheets/sheet1.xml'
Save part 'xl/worksheets/sheet2.xml'
Parsing relationship: /xl/_rels/workbook.xml.rels
Parsing relationship: /_rels/.rels
Save content types part
Save package relationships
Save part 'docProps/app.xml'
Save part 'docProps/core.xml'
Save part 'xl/sharedStrings.xml'
Save part 'xl/styles.xml'
Save part 'xl/theme/theme1.xml'
Save part 'xl/workbook.xml'
Save part 'xl/worksheets/sheet1.xml'
Save part 'xl/worksheets/sheet2.xml'
Parsing relationship: /xl/_rels/workbook.xml.rels
Parsing relationship: /_rels/.rels
Save content types part
Save package relationships
Save part 'docProps/app.xml'
Save part 'docProps/core.xml'
Save part 'xl/sharedStrings.xml'
Save part 'xl/styles.xml'
Save part 'xl/theme/theme1.xml'
Save part 'xl/workbook.xml'
Save part 'xl/worksheets/sheet1.xml'
Save part 'xl/worksheets/sheet2.xml'
Parsing relationship: /xl/_rels/workbook.xml.rels
Parsing relationship: /_rels/.rels
Save content types part
Save package relationships
Save part 'docProps/app.xml'
Save part 'docProps/core.xml'
Save part 'xl/sharedStrings.xml'
Save part 'xl/styles.xml'
Save part 'xl/theme/theme1.xml'
Save part 'xl/workbook.xml'
Save part 'xl/worksheets/sheet1.xml'
Save part 'xl/worksheets/sheet2.xml'
Parsing relationship: /xl/_rels/workbook.xml.rels
Parsing relationship: /_rels/.rels
Save content types part
Save package relationships
Save part 'docProps/app.xml'
Save part 'docProps/core.xml'
Save part 'xl/sharedStrings.xml'
Save part 'xl/styles.xml'
Save part 'xl/theme/theme1.xml'
Save part 'xl/workbook.xml'
Save part 'xl/worksheets/sheet1.xml'
Save part 'xl/worksheets/sheet2.xml'
Parsing relationship: /xl/_rels/workbook.xml.rels
Parsing relationship: /_rels/.rels
Save content types part
Save package relationships
Save part 'docProps/app.xml'
Save part 'docProps/core.xml'
Save part 'xl/sharedStrings.xml'
Save part 'xl/styles.xml'
Save part 'xl/theme/theme1.xml'
Save part 'xl/workbook.xml'
Save part 'xl/worksheets/sheet1.xml'
Save part 'xl/worksheets/sheet2.xml'
Parsing relationship: /xl/_rels/workbook.xml.rels
Parsing relationship: /_rels/.rels
Save content types part
Save package relationships
Save part 'docProps/app.xml'
Save part 'docProps/core.xml'
Save part 'xl/sharedStrings.xml'
Save part 'xl/styles.xml'
Save part 'xl/theme/theme1.xml'
Save part 'xl/workbook.xml'
Save part 'xl/worksheets/sheet1.xml'
Save part 'xl/worksheets/sheet2.xml'
Parsing relationship: /xl/_rels/workbook.xml.rels
Parsing relationship: /_rels/.rels
Save content types part
Save package relationships
Save part 'docProps/app.xml'
Save part 'docProps/core.xml'
Save part 'xl/sharedStrings.xml'
Save part 'xl/styles.xml'
Save part 'xl/theme/theme1.xml'
Save part 'xl/workbook.xml'
Save part 'xl/worksheets/sheet1.xml'
Save part 'xl/worksheets/sheet2.xml'
